#
# A fatal error has been detected by the Java Runtime Environment:
#
#  EXCEPTION_ACCESS_VIOLATION (0xc0000005) at pc=0x0000000060470484, pid=5336, tid=2180
#
# JRE version: Java(TM) SE Runtime Environment (8.0_60-b27) (build 1.8.0_60-b27)
# Java VM: Java HotSpot(TM) 64-Bit Server VM (25.60-b23 mixed mode windows-amd64 compressed oops)
# Problematic frame:
# C  [awt.dll+0xd0484]
#
# Failed to write core dump. Minidumps are not enabled by default on client versions of Windows
#
# If you would like to submit a bug report, please visit:
#   http://bugreport.java.com/bugreport/crash.jsp
# The crash happened outside the Java Virtual Machine in native code.
# See problematic frame for where to report the bug.
#

---------------  T H R E A D  ---------------

Current thread (0x000000001a101000):  JavaThread "AWT-EventQueue-0" [_thread_in_native, id=2180, stack(0x000000001ad30000,0x000000001ae30000)]

siginfo: ExceptionCode=0xc0000005, reading address 0x0000000000000008

Registers:
RAX=0x000000000000000d, RBX=0x000000001a1011f8, RCX=0x0000000000000000, RDX=0x00000000200115d8
RSP=0x000000001ae2bba8, RBP=0x000000001a1011f8, RSI=0x000000001a5ba6c0, RDI=0x000000001a2bf180
R8 =0x000000001ae2bb68, R9 =0x0000000000000005, R10=0x0000000000000000, R11=0x0000000000000202
R12=0x00000000200115d8, R13=0x0000000000000000, R14=0x000000001ae2c340, R15=0x000000001a101000
RIP=0x0000000060470484, EFLAGS=0x0000000000010206

Top of Stack: (sp=0x000000001ae2bba8)
0x000000001ae2bba8:   00000000603d7619 000000001a1011f8
0x000000001ae2bbb8:   000000001a1011f8 000000001a5ba6c0
0x000000001ae2bbc8:   000000001a2bf180 0000000000000000
0x000000001ae2bbd8:   000000001a5ba6c0 000000001ae2c330
0x000000001ae2bbe8:   000000006040be5d 000000001a1011f8
0x000000001ae2bbf8:   0000000000000000 000000001ae2bd01
0x000000001ae2bc08:   0000000000000084 000000001ed2d7d0
0x000000001ae2bc18:   00000000603d3e72 000000001ae2c330
0x000000001ae2bc28:   000000001ae2bd20 000000001a1011f8
0x000000001ae2bc38:   000000001ae2bc38 00000000169e71b0
0x000000001ae2bc48:   000000001ae2bc98 00000000169e7838
0x000000001ae2bc58:   0000000000000000 00000000169e71b8
0x000000001ae2bc68:   0000000000000000 000000001ae2bc88
0x000000001ae2bc78:   000000001ae2bce0 0000000001f47ced
0x000000001ae2bc88:   0000000081fc0b10 00000000d6a12e90
0x000000001ae2bc98:   000000001ae2c328 000000001a1011f8 

Instructions: (pc=0x0000000060470484)
0x0000000060470464:   41 5e 41 5d 41 5c 5f c3 48 8b 41 08 48 05 00 04
0x0000000060470474:   00 00 c3 cc 48 8b 41 08 48 8b 80 18 0c 00 00 c3
0x0000000060470484:   48 8b 49 08 48 85 c9 74 05 e9 66 a8 fe ff 33 c0
0x0000000060470494:   c3 cc cc cc 48 83 ec 28 48 8b 49 08 48 85 c9 74 


Register to memory mapping:

RAX=0x000000000000000d is an unknown value
RBX=0x000000001a1011f8 is an unknown value
RCX=0x0000000000000000 is an unknown value
RDX=0x00000000200115d8 is an unknown value
RSP=0x000000001ae2bba8 is pointing into the stack for thread: 0x000000001a101000
RBP=0x000000001a1011f8 is an unknown value
RSI=0x000000001a5ba6c0 is an unknown value
RDI=0x000000001a2bf180 is an unknown value
R8 =0x000000001ae2bb68 is pointing into the stack for thread: 0x000000001a101000
R9 =0x0000000000000005 is an unknown value
R10=0x0000000000000000 is an unknown value
R11=0x0000000000000202 is an unknown value
R12=0x00000000200115d8 is an unknown value
R13=0x0000000000000000 is an unknown value
R14=0x000000001ae2c340 is pointing into the stack for thread: 0x000000001a101000
R15=0x000000001a101000 is a thread


Stack: [0x000000001ad30000,0x000000001ae30000],  sp=0x000000001ae2bba8,  free space=1006k
Native frames: (J=compiled Java code, j=interpreted, Vv=VM code, C=native code)
C  [awt.dll+0xd0484]

Java frames: (J=compiled Java code, j=interpreted, Vv=VM code)
j  sun.java2d.windows.GDIBlitLoops.nativeBlit(Lsun/java2d/SurfaceData;Lsun/java2d/SurfaceData;Lsun/java2d/pipe/Region;IIIIIIIIIZ)V+0
J 1967 C1 sun.java2d.windows.GDIBlitLoops.Blit(Lsun/java2d/SurfaceData;Lsun/java2d/SurfaceData;Ljava/awt/Composite;Lsun/java2d/pipe/Region;IIIIII)V (37 bytes) @ 0x00000000025911f4 [0x00000000025910c0+0x134]
J 1724 C1 sun.java2d.pipe.DrawImage.blitSurfaceData(Lsun/java2d/SunGraphics2D;Lsun/java2d/pipe/Region;Lsun/java2d/SurfaceData;Lsun/java2d/SurfaceData;Lsun/java2d/loops/SurfaceType;Lsun/java2d/loops/SurfaceType;IIIIIILjava/awt/Color;)V (145 bytes) @ 0x00000000024b0864 [0x00000000024afa40+0xe24]
J 1721 C1 sun.java2d.pipe.DrawImage.renderImageCopy(Lsun/java2d/SunGraphics2D;Ljava/awt/Image;Ljava/awt/Color;IIIIII)Z (147 bytes) @ 0x000000000249f604 [0x000000000249f0a0+0x564]
J 1590 C1 sun.java2d.pipe.DrawImage.copyImage(Lsun/java2d/SunGraphics2D;Ljava/awt/Image;IILjava/awt/Color;)Z (105 bytes) @ 0x0000000002453c4c [0x00000000024536a0+0x5ac]
J 1589 C1 sun.java2d.pipe.DrawImage.copyImage(Lsun/java2d/SunGraphics2D;Ljava/awt/Image;IILjava/awt/Color;Ljava/awt/image/ImageObserver;)Z (60 bytes) @ 0x000000000245308c [0x00000000024529a0+0x6ec]
J 1640 C1 sun.java2d.pipe.ValidatePipe.copyImage(Lsun/java2d/SunGraphics2D;Ljava/awt/Image;IILjava/awt/Color;Ljava/awt/image/ImageObserver;)Z (29 bytes) @ 0x000000000246db4c [0x000000000246d740+0x40c]
J 1588 C1 sun.java2d.SunGraphics2D.drawImage(Ljava/awt/Image;IILjava/awt/Color;Ljava/awt/image/ImageObserver;)Z (145 bytes) @ 0x00000000024513c4 [0x0000000002450a80+0x944]
J 1587 C1 sun.java2d.SunGraphics2D.drawImage(Ljava/awt/Image;IILjava/awt/image/ImageObserver;)Z (11 bytes) @ 0x0000000002450684 [0x0000000002450580+0x104]
j  javax.swing.RepaintManager$PaintManager.paintDoubleBuffered(Ljavax/swing/JComponent;Ljava/awt/Image;Ljava/awt/Graphics;IIII)V+242
j  javax.swing.RepaintManager$PaintManager.paint(Ljavax/swing/JComponent;Ljavax/swing/JComponent;Ljava/awt/Graphics;IIII)Z+116
J 1863 C1 javax.swing.RepaintManager.paint(Ljavax/swing/JComponent;Ljavax/swing/JComponent;Ljava/awt/Graphics;IIII)V (93 bytes) @ 0x000000000252b9f4 [0x000000000252b520+0x4d4]
J 1736 C1 javax.swing.JComponent.paint(Ljava/awt/Graphics;)V (409 bytes) @ 0x00000000024bf00c [0x00000000024bd0c0+0x1f4c]
j  java.awt.GraphicsCallback$PaintCallback.run(Ljava/awt/Component;Ljava/awt/Graphics;)V+2
j  sun.awt.SunGraphicsCallback.runOneComponent(Ljava/awt/Component;Ljava/awt/Rectangle;Ljava/awt/Graphics;Ljava/awt/Shape;I)V+155
j  sun.awt.SunGraphicsCallback.runComponents([Ljava/awt/Component;Ljava/awt/Graphics;I)V+194
j  java.awt.Container.paint(Ljava/awt/Graphics;)V+58
j  java.awt.Window.paint(Ljava/awt/Graphics;)V+68
J 1955 C1 javax.swing.RepaintManager$4.run()Ljava/lang/Void; (278 bytes) @ 0x000000000258548c [0x00000000025848e0+0xbac]
J 1806 C1 javax.swing.RepaintManager$4.run()Ljava/lang/Object; (5 bytes) @ 0x00000000024fb3cc [0x00000000024fb340+0x8c]
v  ~StubRoutines::call_stub
J 1360  java.security.AccessController.doPrivileged(Ljava/security/PrivilegedAction;Ljava/security/AccessControlContext;)Ljava/lang/Object; (0 bytes) @ 0x00000000023ca226 [0x00000000023ca1c0+0x66]
J 1964 C1 javax.swing.RepaintManager.paintDirtyRegions(Ljava/util/Map;)V (196 bytes) @ 0x0000000002589c44 [0x0000000002588780+0x14c4]
J 1963 C1 javax.swing.RepaintManager.paintDirtyRegions()V (50 bytes) @ 0x00000000025905ac [0x0000000002590340+0x26c]
J 1962 C1 javax.swing.RepaintManager.prePaintDirtyRegions()V (91 bytes) @ 0x000000000258fbe4 [0x000000000258f5c0+0x624]
J 1810 C1 javax.swing.RepaintManager$ProcessingRunnable.run()V (41 bytes) @ 0x00000000024f34f4 [0x00000000024f32a0+0x254]
J 1656 C1 java.awt.event.InvocationEvent.dispatch()V (69 bytes) @ 0x000000000247a094 [0x0000000002479e80+0x214]
J 1575 C1 java.awt.EventQueue.dispatchEventImpl(Ljava/awt/AWTEvent;Ljava/lang/Object;)V (149 bytes) @ 0x0000000002449744 [0x0000000002447c80+0x1ac4]
J 1573 C1 java.awt.EventQueue$3.run()Ljava/lang/Void; (60 bytes) @ 0x000000000244708c [0x0000000002446e80+0x20c]
J 1572 C1 java.awt.EventQueue$3.run()Ljava/lang/Object; (5 bytes) @ 0x0000000002446b0c [0x0000000002446a80+0x8c]
v  ~StubRoutines::call_stub
J 1360  java.security.AccessController.doPrivileged(Ljava/security/PrivilegedAction;Ljava/security/AccessControlContext;)Ljava/lang/Object; (0 bytes) @ 0x00000000023ca226 [0x00000000023ca1c0+0x66]
J 1504 C1 java.awt.EventQueue.dispatchEvent(Ljava/awt/AWTEvent;)V (80 bytes) @ 0x0000000002413704 [0x0000000002412d80+0x984]
J 1506 C1 java.awt.EventDispatchThread.pumpOneEventForFilters(I)V (295 bytes) @ 0x00000000024169a4 [0x0000000002414e40+0x1b64]
j  java.awt.EventDispatchThread.pumpEventsForFilter(ILjava/awt/Conditional;Ljava/awt/EventFilter;)V+35
j  java.awt.EventDispatchThread.pumpEventsForHierarchy(ILjava/awt/Conditional;Ljava/awt/Component;)V+11
j  java.awt.EventDispatchThread.pumpEvents(ILjava/awt/Conditional;)V+4
j  java.awt.EventDispatchThread.pumpEvents(Ljava/awt/Conditional;)V+3
j  java.awt.EventDispatchThread.run()V+9
v  ~StubRoutines::call_stub

---------------  P R O C E S S  ---------------

Java Threads: ( => current thread )
  0x000000001a2c7000 JavaThread "TimerQueue" daemon [_thread_blocked, id=4336, stack(0x000000001bcb0000,0x000000001bdb0000)]
  0x000000001a252800 JavaThread "Video Feed Thread" [_thread_in_native, id=2876, stack(0x000000001b710000,0x000000001b810000)]
  0x0000000001e40800 JavaThread "DestroyJavaVM" [_thread_blocked, id=5884, stack(0x0000000001cd0000,0x0000000001dd0000)]
=>0x000000001a101000 JavaThread "AWT-EventQueue-0" [_thread_in_native, id=2180, stack(0x000000001ad30000,0x000000001ae30000)]
  0x000000001a0fe000 JavaThread "AWT-Windows" daemon [_thread_in_native, id=1452, stack(0x000000001aad0000,0x000000001abd0000)]
  0x000000001a116800 JavaThread "AWT-Shutdown" [_thread_blocked, id=2792, stack(0x000000001a9d0000,0x000000001aad0000)]
  0x000000001a116000 JavaThread "Java2D Disposer" daemon [_thread_blocked, id=3168, stack(0x000000001a8d0000,0x000000001a9d0000)]
  0x00000000191a5000 JavaThread "Service Thread" daemon [_thread_blocked, id=1928, stack(0x0000000019ad0000,0x0000000019bd0000)]
  0x0000000019102000 JavaThread "C1 CompilerThread3" daemon [_thread_blocked, id=2020, stack(0x00000000199d0000,0x0000000019ad0000)]
  0x0000000019100800 JavaThread "C2 CompilerThread2" daemon [_thread_blocked, id=1636, stack(0x00000000198d0000,0x00000000199d0000)]
  0x0000000019101000 JavaThread "C2 CompilerThread1" daemon [_thread_blocked, id=1424, stack(0x00000000197d0000,0x00000000198d0000)]
  0x00000000190f8800 JavaThread "C2 CompilerThread0" daemon [_thread_blocked, id=1808, stack(0x00000000196d0000,0x00000000197d0000)]
  0x00000000190f7000 JavaThread "Attach Listener" daemon [_thread_blocked, id=1880, stack(0x00000000195d0000,0x00000000196d0000)]
  0x00000000190f5800 JavaThread "Signal Dispatcher" daemon [_thread_blocked, id=544, stack(0x00000000194d0000,0x00000000195d0000)]
  0x0000000001f3a800 JavaThread "Finalizer" daemon [_thread_blocked, id=1900, stack(0x0000000018da0000,0x0000000018ea0000)]
  0x0000000016eac800 JavaThread "Reference Handler" daemon [_thread_blocked, id=1700, stack(0x0000000018ca0000,0x0000000018da0000)]

Other Threads:
  0x0000000016eaa800 VMThread [stack: 0x0000000018ba0000,0x0000000018ca0000] [id=1704]
  0x00000000191a9800 WatcherThread [stack: 0x0000000019bd0000,0x0000000019cd0000] [id=2432]

VM state:not at safepoint (normal execution)

VM Mutex/Monitor currently owned by a thread: None

Heap:
 PSYoungGen      total 39424K, used 14942K [0x00000000d5f80000, 0x00000000d9500000, 0x0000000100000000)
  eden space 24064K, 45% used [0x00000000d5f80000,0x00000000d6a23798,0x00000000d7700000)
  from space 15360K, 26% used [0x00000000d7700000,0x00000000d7af4430,0x00000000d8600000)
  to   space 15360K, 0% used [0x00000000d8600000,0x00000000d8600000,0x00000000d9500000)
 ParOldGen       total 64512K, used 17524K [0x0000000081e00000, 0x0000000085d00000, 0x00000000d5f80000)
  object space 64512K, 27% used [0x0000000081e00000,0x0000000082f1d2d8,0x0000000085d00000)
 Metaspace       used 13157K, capacity 13402K, committed 13568K, reserved 1060864K
  class space    used 1619K, capacity 1709K, committed 1792K, reserved 1048576K

Card table byte_map: [0x0000000011300000,0x0000000011700000] byte_map_base: 0x0000000010ef1000

Marking Bits: (ParMarkBitMap*) 0x0000000060f1a5b0
 Begin Bits: [0x00000000121b0000, 0x0000000014138000)
 End Bits:   [0x0000000014138000, 0x00000000160c0000)

Polling page: 0x0000000000330000

CodeCache: size=245760Kb used=6673Kb max_used=6673Kb free=239086Kb
 bounds [0x0000000001f40000, 0x00000000025d0000, 0x0000000010f40000]
 total_blobs=2588 nmethods=1990 adapters=510
 compilation: enabled

Compilation events (10 events):
Event: 56.591 Thread 0x0000000019102000 2016       3       sun.swing.SwingUtilities2::getLeftSideBearing (24 bytes)
Event: 56.592 Thread 0x0000000019102000 nmethod 2016 0x00000000025c9110 code [0x00000000025c92a0, 0x00000000025c9738]
Event: 56.595 Thread 0x0000000019102000 2017       3       java.awt.Component::getSize (5 bytes)
Event: 56.595 Thread 0x0000000019102000 nmethod 2017 0x00000000025c8a50 code [0x00000000025c8bc0, 0x00000000025c8f70]
Event: 56.595 Thread 0x0000000019102000 2018       3       java.awt.Component::size (16 bytes)
Event: 56.596 Thread 0x0000000019102000 nmethod 2018 0x00000000025c84d0 code [0x00000000025c8640, 0x00000000025c8910]
Event: 56.596 Thread 0x0000000019102000 2019       3       java.awt.Component::setForeground (44 bytes)
Event: 56.596 Thread 0x0000000019102000 nmethod 2019 0x00000000025c7950 code [0x00000000025c7b00, 0x00000000025c82a8]
Event: 56.596 Thread 0x0000000019102000 2020       3       javax.swing.JComponent::setForeground (42 bytes)
Event: 56.597 Thread 0x0000000019102000 nmethod 2020 0x00000000025ca950 code [0x00000000025cab40, 0x00000000025cba88]

GC Heap History (10 events):
Event: 52.399 GC heap before
{Heap before GC invocations=34 (full 0):
 PSYoungGen      total 32768K, used 31610K [0x00000000d5f80000, 0x00000000d9800000, 0x0000000100000000)
  eden space 24064K, 95% used [0x00000000d5f80000,0x00000000d75e2ba0,0x00000000d7700000)
  from space 8704K, 99% used [0x00000000d7700000,0x00000000d7f7be20,0x00000000d7f80000)
  to   space 16896K, 0% used [0x00000000d8780000,0x00000000d8780000,0x00000000d9800000)
 ParOldGen       total 87552K, used 54315K [0x0000000081e00000, 0x0000000087380000, 0x00000000d5f80000)
  object space 87552K, 62% used [0x0000000081e00000,0x000000008530aea0,0x0000000087380000)
 Metaspace       used 13122K, capacity 13402K, committed 13568K, reserved 1060864K
  class space    used 1619K, capacity 1709K, committed 1792K, reserved 1048576K
Event: 52.419 GC heap after
Heap after GC invocations=34 (full 0):
 PSYoungGen      total 39936K, used 4981K [0x00000000d5f80000, 0x00000000d9700000, 0x0000000100000000)
  eden space 24064K, 0% used [0x00000000d5f80000,0x00000000d5f80000,0x00000000d7700000)
  from space 15872K, 31% used [0x00000000d8780000,0x00000000d8c5d440,0x00000000d9700000)
  to   space 16384K, 0% used [0x00000000d7700000,0x00000000d7700000,0x00000000d8700000)
 ParOldGen       total 87552K, used 77222K [0x0000000081e00000, 0x0000000087380000, 0x00000000d5f80000)
  object space 87552K, 88% used [0x0000000081e00000,0x00000000869698d0,0x0000000087380000)
 Metaspace       used 13122K, capacity 13402K, committed 13568K, reserved 1060864K
  class space    used 1619K, capacity 1709K, committed 1792K, reserved 1048576K
}
Event: 52.420 GC heap before
{Heap before GC invocations=35 (full 1):
 PSYoungGen      total 39936K, used 4981K [0x00000000d5f80000, 0x00000000d9700000, 0x0000000100000000)
  eden space 24064K, 0% used [0x00000000d5f80000,0x00000000d5f80000,0x00000000d7700000)
  from space 15872K, 31% used [0x00000000d8780000,0x00000000d8c5d440,0x00000000d9700000)
  to   space 16384K, 0% used [0x00000000d7700000,0x00000000d7700000,0x00000000d8700000)
 ParOldGen       total 87552K, used 77222K [0x0000000081e00000, 0x0000000087380000, 0x00000000d5f80000)
  object space 87552K, 88% used [0x0000000081e00000,0x00000000869698d0,0x0000000087380000)
 Metaspace       used 13122K, capacity 13402K, committed 13568K, reserved 1060864K
  class space    used 1619K, capacity 1709K, committed 1792K, reserved 1048576K
Event: 52.450 GC heap after
Heap after GC invocations=35 (full 1):
 PSYoungGen      total 39936K, used 0K [0x00000000d5f80000, 0x00000000d9700000, 0x0000000100000000)
  eden space 24064K, 0% used [0x00000000d5f80000,0x00000000d5f80000,0x00000000d7700000)
  from space 15872K, 0% used [0x00000000d8780000,0x00000000d8780000,0x00000000d9700000)
  to   space 16384K, 0% used [0x00000000d7700000,0x00000000d7700000,0x00000000d8700000)
 ParOldGen       total 64512K, used 13619K [0x0000000081e00000, 0x0000000085d00000, 0x00000000d5f80000)
  object space 64512K, 21% used [0x0000000081e00000,0x0000000082b4cea8,0x0000000085d00000)
 Metaspace       used 13122K, capacity 13402K, committed 13568K, reserved 1060864K
  class space    used 1619K, capacity 1709K, committed 1792K, reserved 1048576K
}
Event: 53.725 GC heap before
{Heap before GC invocations=36 (full 1):
 PSYoungGen      total 39936K, used 22943K [0x00000000d5f80000, 0x00000000d9700000, 0x0000000100000000)
  eden space 24064K, 95% used [0x00000000d5f80000,0x00000000d75e7dc0,0x00000000d7700000)
  from space 15872K, 0% used [0x00000000d8780000,0x00000000d8780000,0x00000000d9700000)
  to   space 16384K, 0% used [0x00000000d7700000,0x00000000d7700000,0x00000000d8700000)
 ParOldGen       total 64512K, used 13619K [0x0000000081e00000, 0x0000000085d00000, 0x00000000d5f80000)
  object space 64512K, 21% used [0x0000000081e00000,0x0000000082b4cea8,0x0000000085d00000)
 Metaspace       used 13127K, capacity 13402K, committed 13568K, reserved 1060864K
  class space    used 1619K, capacity 1709K, committed 1792K, reserved 1048576K
Event: 53.727 GC heap after
Heap after GC invocations=36 (full 1):
 PSYoungGen      total 33280K, used 8838K [0x00000000d5f80000, 0x00000000d9600000, 0x0000000100000000)
  eden space 24064K, 0% used [0x00000000d5f80000,0x00000000d5f80000,0x00000000d7700000)
  from space 9216K, 95% used [0x00000000d7700000,0x00000000d7fa1870,0x00000000d8000000)
  to   space 15872K, 0% used [0x00000000d8680000,0x00000000d8680000,0x00000000d9600000)
 ParOldGen       total 64512K, used 13627K [0x0000000081e00000, 0x0000000085d00000, 0x00000000d5f80000)
  object space 64512K, 21% used [0x0000000081e00000,0x0000000082b4eea8,0x0000000085d00000)
 Metaspace       used 13127K, capacity 13402K, committed 13568K, reserved 1060864K
  class space    used 1619K, capacity 1709K, committed 1792K, reserved 1048576K
}
Event: 55.071 GC heap before
{Heap before GC invocations=37 (full 1):
 PSYoungGen      total 33280K, used 31796K [0x00000000d5f80000, 0x00000000d9600000, 0x0000000100000000)
  eden space 24064K, 95% used [0x00000000d5f80000,0x00000000d75eb8d8,0x00000000d7700000)
  from space 9216K, 95% used [0x00000000d7700000,0x00000000d7fa1870,0x00000000d8000000)
  to   space 15872K, 0% used [0x00000000d8680000,0x00000000d8680000,0x00000000d9600000)
 ParOldGen       total 64512K, used 13627K [0x0000000081e00000, 0x0000000085d00000, 0x00000000d5f80000)
  object space 64512K, 21% used [0x0000000081e00000,0x0000000082b4eea8,0x0000000085d00000)
 Metaspace       used 13140K, capacity 13402K, committed 13568K, reserved 1060864K
  class space    used 1619K, capacity 1709K, committed 1792K, reserved 1048576K
Event: 55.081 GC heap after
Heap after GC invocations=37 (full 1):
 PSYoungGen      total 38912K, used 4981K [0x00000000d5f80000, 0x00000000d9500000, 0x0000000100000000)
  eden space 24064K, 0% used [0x00000000d5f80000,0x00000000d5f80000,0x00000000d7700000)
  from space 14848K, 33% used [0x00000000d8680000,0x00000000d8b5d440,0x00000000d9500000)
  to   space 15360K, 0% used [0x00000000d7700000,0x00000000d7700000,0x00000000d8600000)
 ParOldGen       total 64512K, used 17500K [0x0000000081e00000, 0x0000000085d00000, 0x00000000d5f80000)
  object space 64512K, 27% used [0x0000000081e00000,0x0000000082f172d8,0x0000000085d00000)
 Metaspace       used 13140K, capacity 13402K, committed 13568K, reserved 1060864K
  class space    used 1619K, capacity 1709K, committed 1792K, reserved 1048576K
}
Event: 56.539 GC heap before
{Heap before GC invocations=38 (full 1):
 PSYoungGen      total 38912K, used 28889K [0x00000000d5f80000, 0x00000000d9500000, 0x0000000100000000)
  eden space 24064K, 99% used [0x00000000d5f80000,0x00000000d76d9070,0x00000000d7700000)
  from space 14848K, 33% used [0x00000000d8680000,0x00000000d8b5d440,0x00000000d9500000)
  to   space 15360K, 0% used [0x00000000d7700000,0x00000000d7700000,0x00000000d8600000)
 ParOldGen       total 64512K, used 17500K [0x0000000081e00000, 0x0000000085d00000, 0x00000000d5f80000)
  object space 64512K, 27% used [0x0000000081e00000,0x0000000082f172d8,0x0000000085d00000)
 Metaspace       used 13151K, capacity 13402K, committed 13568K, reserved 1060864K
  class space    used 1619K, capacity 1709K, committed 1792K, reserved 1048576K
Event: 56.540 GC heap after
Heap after GC invocations=38 (full 1):
 PSYoungGen      total 39424K, used 4049K [0x00000000d5f80000, 0x00000000d9500000, 0x0000000100000000)
  eden space 24064K, 0% used [0x00000000d5f80000,0x00000000d5f80000,0x00000000d7700000)
  from space 15360K, 26% used [0x00000000d7700000,0x00000000d7af4430,0x00000000d8600000)
  to   space 15360K, 0% used [0x00000000d8600000,0x00000000d8600000,0x00000000d9500000)
 ParOldGen       total 64512K, used 17524K [0x0000000081e00000, 0x0000000085d00000, 0x00000000d5f80000)
  object space 64512K, 27% used [0x0000000081e00000,0x0000000082f1d2d8,0x0000000085d00000)
 Metaspace       used 13151K, capacity 13402K, committed 13568K, reserved 1060864K
  class space    used 1619K, capacity 1709K, committed 1792K, reserved 1048576K
}

Deoptimization events (10 events):
Event: 50.258 Thread 0x000000001a101000 Uncommon trap: reason=bimorphic action=maybe_recompile pc=0x00000000024ef6b0 method=sun.java2d.pipe.ShapeSpanIterator.appendPath(Ljava/awt/geom/PathIterator;)V @ 7
Event: 50.260 Thread 0x000000001a101000 Uncommon trap: reason=bimorphic action=maybe_recompile pc=0x00000000024a4684 method=sun.java2d.pipe.GlyphListPipe.drawString(Lsun/java2d/SunGraphics2D;Ljava/lang/String;DD)V @ 156
Event: 50.260 Thread 0x000000001a101000 Uncommon trap: reason=bimorphic action=maybe_recompile pc=0x00000000024ef6b0 method=sun.java2d.pipe.ShapeSpanIterator.appendPath(Ljava/awt/geom/PathIterator;)V @ 7
Event: 50.263 Thread 0x000000001a101000 Uncommon trap: reason=bimorphic action=maybe_recompile pc=0x00000000024a4684 method=sun.java2d.pipe.GlyphListPipe.drawString(Lsun/java2d/SunGraphics2D;Ljava/lang/String;DD)V @ 156
Event: 50.272 Thread 0x000000001a101000 Uncommon trap: reason=bimorphic action=maybe_recompile pc=0x00000000024ef6b0 method=sun.java2d.pipe.ShapeSpanIterator.appendPath(Ljava/awt/geom/PathIterator;)V @ 7
Event: 50.273 Thread 0x000000001a101000 Uncommon trap: reason=unstable_if action=reinterpret pc=0x00000000024551cc method=java.awt.geom.AffineTransform.translate(DD)V @ 500
Event: 50.273 Thread 0x000000001a101000 Uncommon trap: reason=bimorphic action=maybe_recompile pc=0x00000000024a4684 method=sun.java2d.pipe.GlyphListPipe.drawString(Lsun/java2d/SunGraphics2D;Ljava/lang/String;DD)V @ 156
Event: 56.551 Thread 0x000000001a101000 Uncommon trap: reason=class_check action=maybe_recompile pc=0x0000000002480bcc method=sun.java2d.Disposer.add(Ljava/lang/Object;Lsun/java2d/DisposerRecord;)V @ 1
Event: 56.559 Thread 0x000000001a101000 Uncommon trap: reason=class_check action=maybe_recompile pc=0x00000000024b9608 method=sun.java2d.loops.SurfaceType.pixelFor(ILjava/awt/image/ColorModel;)I @ 6
Event: 56.569 Thread 0x000000001a101000 Uncommon trap: reason=class_check action=maybe_recompile pc=0x00000000024b9608 method=sun.java2d.loops.SurfaceType.pixelFor(ILjava/awt/image/ColorModel;)I @ 6

Internal exceptions (10 events):
Event: 0.160 Thread 0x0000000001e40800 Exception <a 'java/lang/NoSuchFieldError': method resolution failed> (0x00000000d624e670) thrown at [C:\re\workspace\8-2-build-windows-amd64-cygwin\jdk8u60\4407\hotspot\src\share\vm\prims\methodHandles.cpp, line 1146]
Event: 0.229 Thread 0x000000001a101000 Exception <a 'java/io/FileNotFoundException'> (0x00000000d642d500) thrown at [C:\re\workspace\8-2-build-windows-amd64-cygwin\jdk8u60\4407\hotspot\src\share\vm\prims\jni.cpp, line 709]
Event: 0.307 Thread 0x000000001a101000 Exception <a 'java/io/FileNotFoundException'> (0x00000000d65c2df0) thrown at [C:\re\workspace\8-2-build-windows-amd64-cygwin\jdk8u60\4407\hotspot\src\share\vm\prims\jni.cpp, line 709]
Event: 0.309 Thread 0x000000001a101000 Exception <a 'java/io/FileNotFoundException'> (0x00000000d65d9468) thrown at [C:\re\workspace\8-2-build-windows-amd64-cygwin\jdk8u60\4407\hotspot\src\share\vm\prims\jni.cpp, line 709]
Event: 0.310 Thread 0x000000001a101000 Exception <a 'java/io/FileNotFoundException'> (0x00000000d65eb208) thrown at [C:\re\workspace\8-2-build-windows-amd64-cygwin\jdk8u60\4407\hotspot\src\share\vm\prims\jni.cpp, line 709]
Event: 0.312 Thread 0x000000001a101000 Exception <a 'java/io/FileNotFoundException'> (0x00000000d6601378) thrown at [C:\re\workspace\8-2-build-windows-amd64-cygwin\jdk8u60\4407\hotspot\src\share\vm\prims\jni.cpp, line 709]
Event: 0.385 Thread 0x000000001a101000 Exception <a 'java/io/FileNotFoundException'> (0x00000000d668ca18) thrown at [C:\re\workspace\8-2-build-windows-amd64-cygwin\jdk8u60\4407\hotspot\src\share\vm\prims\jni.cpp, line 709]
Event: 0.387 Thread 0x000000001a101000 Exception <a 'java/io/FileNotFoundException'> (0x00000000d66a2b60) thrown at [C:\re\workspace\8-2-build-windows-amd64-cygwin\jdk8u60\4407\hotspot\src\share\vm\prims\jni.cpp, line 709]
Event: 2.290 Thread 0x000000001a101000 Implicit null exception at 0x0000000002263e3b to 0x0000000002263eb1
Event: 3.793 Thread 0x000000001a101000 Implicit null exception at 0x00000000022b615b to 0x00000000022b71e1

Events (10 events):
Event: 56.540 Executing VM operation: ParallelGCFailedAllocation done
Event: 56.551 Thread 0x000000001a101000 Uncommon trap: trap_request=0xffffffde fr.pc=0x0000000002480bcc
Event: 56.551 Thread 0x000000001a101000 DEOPT PACKING pc=0x0000000002480bcc sp=0x000000001ae2c460
Event: 56.551 Thread 0x000000001a101000 DEOPT UNPACKING pc=0x0000000001f8582a sp=0x000000001ae2c3b8 mode 2
Event: 56.559 Thread 0x000000001a101000 Uncommon trap: trap_request=0xffffffde fr.pc=0x00000000024b9608
Event: 56.559 Thread 0x000000001a101000 DEOPT PACKING pc=0x00000000024b9608 sp=0x000000001ae2b140
Event: 56.559 Thread 0x000000001a101000 DEOPT UNPACKING pc=0x0000000001f8582a sp=0x000000001ae2b060 mode 2
Event: 56.569 Thread 0x000000001a101000 Uncommon trap: trap_request=0xffffffde fr.pc=0x00000000024b9608
Event: 56.569 Thread 0x000000001a101000 DEOPT PACKING pc=0x00000000024b9608 sp=0x000000001ae2b140
Event: 56.569 Thread 0x000000001a101000 DEOPT UNPACKING pc=0x0000000001f8582a sp=0x000000001ae2b060 mode 2


Dynamic libraries:
0x00007ff6f3d00000 - 0x00007ff6f3d37000 	C:\Program Files\Java\jre1.8.0_60\bin\javaw.exe
0x00007ffff71c0000 - 0x00007ffff736c000 	C:\WINDOWS\SYSTEM32\ntdll.dll
0x00007ffff6f00000 - 0x00007ffff703e000 	C:\WINDOWS\system32\KERNEL32.DLL
0x00007ffff43e0000 - 0x00007ffff44f5000 	C:\WINDOWS\system32\KERNELBASE.dll
0x00007ffff2b40000 - 0x00007ffff2bce000 	C:\WINDOWS\system32\apphelp.dll
0x00007fffd7980000 - 0x00007fffd79d3000 	C:\WINDOWS\AppPatch\AppPatch64\AcGenral.DLL
0x00007ffff4d30000 - 0x00007ffff4dda000 	C:\WINDOWS\system32\msvcrt.dll
0x00007ffff41b0000 - 0x00007ffff41de000 	C:\WINDOWS\SYSTEM32\SspiCli.dll
0x00007ffff5400000 - 0x00007ffff5454000 	C:\WINDOWS\system32\SHLWAPI.dll
0x00007ffff7040000 - 0x00007ffff71b7000 	C:\WINDOWS\system32\USER32.dll
0x00007ffff6bc0000 - 0x00007ffff6d54000 	C:\WINDOWS\system32\ole32.dll
0x00007ffff5470000 - 0x00007ffff699b000 	C:\WINDOWS\system32\SHELL32.dll
0x00007ffff3930000 - 0x00007ffff3951000 	C:\WINDOWS\SYSTEM32\USERENV.dll
0x00007ffff4840000 - 0x00007ffff48ea000 	C:\WINDOWS\system32\ADVAPI32.dll
0x00007fffe7550000 - 0x00007fffe756e000 	C:\WINDOWS\SYSTEM32\MPR.dll
0x00007ffff5010000 - 0x00007ffff5151000 	C:\WINDOWS\system32\RPCRT4.dll
0x00007ffff4990000 - 0x00007ffff49e9000 	C:\WINDOWS\SYSTEM32\sechost.dll
0x00007ffff49f0000 - 0x00007ffff4c01000 	C:\WINDOWS\SYSTEM32\combase.dll
0x00007ffff4de0000 - 0x00007ffff4f30000 	C:\WINDOWS\system32\GDI32.dll
0x00007ffff4310000 - 0x00007ffff4325000 	C:\WINDOWS\SYSTEM32\profapi.dll
0x00007ffff3430000 - 0x00007ffff34e2000 	C:\WINDOWS\SYSTEM32\SHCORE.dll
0x00007ffff6ec0000 - 0x00007ffff6ef6000 	C:\WINDOWS\system32\IMM32.DLL
0x00007ffff6d60000 - 0x00007ffff6eb2000 	C:\WINDOWS\system32\MSCTF.dll
0x00007ffff1d80000 - 0x00007ffff1ffb000 	C:\WINDOWS\WinSxS\amd64_microsoft.windows.common-controls_6595b64144ccf1df_6.0.9600.18006_none_623f33d3ecbe86e8\COMCTL32.dll
0x0000000060540000 - 0x0000000060612000 	C:\Program Files\Java\jre1.8.0_60\bin\msvcr100.dll
0x0000000060710000 - 0x0000000060f99000 	C:\Program Files\Java\jre1.8.0_60\bin\server\jvm.dll
0x00007fffea620000 - 0x00007fffea629000 	C:\WINDOWS\SYSTEM32\WSOCK32.dll
0x00007ffff1aa0000 - 0x00007ffff1ac2000 	C:\WINDOWS\SYSTEM32\WINMM.dll
0x00007ffff3590000 - 0x00007ffff359a000 	C:\WINDOWS\SYSTEM32\VERSION.dll
0x00007ffff48f0000 - 0x00007ffff48f7000 	C:\WINDOWS\system32\PSAPI.DLL
0x00007ffff69b0000 - 0x00007ffff6a0a000 	C:\WINDOWS\system32\WS2_32.dll
0x00007ffff1990000 - 0x00007ffff19ba000 	C:\WINDOWS\SYSTEM32\WINMMBASE.dll
0x00007ffff5460000 - 0x00007ffff5469000 	C:\WINDOWS\system32\NSI.dll
0x00007ffff4500000 - 0x00007ffff454f000 	C:\WINDOWS\SYSTEM32\cfgmgr32.dll
0x00007ffff2de0000 - 0x00007ffff2e08000 	C:\WINDOWS\SYSTEM32\DEVOBJ.dll
0x0000000060700000 - 0x000000006070f000 	C:\Program Files\Java\jre1.8.0_60\bin\verify.dll
0x00000000606d0000 - 0x00000000606f9000 	C:\Program Files\Java\jre1.8.0_60\bin\java.dll
0x00000000606b0000 - 0x00000000606c6000 	C:\Program Files\Java\jre1.8.0_60\bin\zip.dll
0x00000000603a0000 - 0x0000000060538000 	C:\Program Files\Java\jre1.8.0_60\bin\awt.dll
0x00007ffff4f40000 - 0x00007ffff5001000 	C:\WINDOWS\system32\OLEAUT32.dll
0x00007ffff2c40000 - 0x00007ffff2d69000 	C:\WINDOWS\system32\uxtheme.dll
0x00007ffff2bd0000 - 0x00007ffff2bf1000 	C:\WINDOWS\system32\dwmapi.dll
0x00007ffff3420000 - 0x00007ffff342b000 	C:\WINDOWS\SYSTEM32\kernel.appcore.dll
0x00007ffff4250000 - 0x00007ffff425b000 	C:\WINDOWS\SYSTEM32\CRYPTBASE.dll
0x00007ffff41e0000 - 0x00007ffff4243000 	C:\WINDOWS\SYSTEM32\bcryptPrimitives.dll
0x0000000060350000 - 0x0000000060397000 	C:\Program Files\Java\jre1.8.0_60\bin\fontmanager.dll
0x0000000060690000 - 0x00000000606aa000 	C:\Program Files\Java\jre1.8.0_60\bin\net.dll
0x00007ffff3bf0000 - 0x00007ffff3c49000 	C:\WINDOWS\system32\mswsock.dll
0x0000000060670000 - 0x0000000060681000 	C:\Program Files\Java\jre1.8.0_60\bin\nio.dll
0x0000000180000000 - 0x0000000180025000 	C:\Program Files\Java\jre1.8.0_60\bin\rxtxSerial.dll
0x00007fffd6e60000 - 0x00007fffd7831000 	C:\opencv\build\java\x64\opencv_java2410.dll
0x00007fffd7a50000 - 0x00007fffd7a71000 	C:\WINDOWS\SYSTEM32\AVIFIL32.dll
0x00007fffd7950000 - 0x00007fffd7979000 	C:\WINDOWS\SYSTEM32\MSVFW32.dll
0x00007fffe42e0000 - 0x00007fffe42f7000 	C:\WINDOWS\SYSTEM32\AVICAP32.dll
0x00007fffd7930000 - 0x00007fffd794c000 	C:\WINDOWS\SYSTEM32\MSACM32.dll
0x00007ffff4c10000 - 0x00007ffff4cc6000 	C:\WINDOWS\SYSTEM32\clbcatq.dll
0x00007fffd7ef0000 - 0x00007fffd7f08000 	C:\Windows\System32\devenum.dll
0x00007ffff5220000 - 0x00007ffff53fa000 	C:\WINDOWS\system32\setupapi.dll
0x00007fffef450000 - 0x00007fffef482000 	C:\WINDOWS\SYSTEM32\ntmarta.dll
0x00007ffff4730000 - 0x00007ffff4781000 	C:\WINDOWS\system32\WINTRUST.dll
0x00007ffff4550000 - 0x00007ffff472f000 	C:\WINDOWS\system32\CRYPT32.dll
0x00007ffff43c0000 - 0x00007ffff43d1000 	C:\WINDOWS\system32\MSASN1.dll
0x00007fffe42b0000 - 0x00007fffe42bd000 	C:\WINDOWS\SYSTEM32\msdmo.dll
0x00007fffd6e30000 - 0x00007fffd6e5d000 	C:\Windows\System32\qcap.dll
0x00007fffd6c50000 - 0x00007fffd6e22000 	C:\Windows\System32\quartz.dll
0x00007fffd6c00000 - 0x00007fffd6c4b000 	C:\Windows\System32\ksproxy.ax
0x00007ffff0d90000 - 0x00007ffff0d98000 	C:\Windows\System32\ksuser.dll
0x00007fffd8140000 - 0x00007fffd8361000 	C:\Windows\System32\d3d9.dll
0x00007fffd7b10000 - 0x00007fffd7b1e000 	C:\Windows\System32\vidcap.ax
0x00007fffd6bd0000 - 0x00007fffd6bf6000 	C:\Windows\System32\kswdmcap.ax
0x00007fffd6a60000 - 0x00007fffd6bcf000 	C:\Windows\System32\MFC42.dll
0x00007fffd6990000 - 0x00007fffd6a52000 	C:\Windows\System32\ODBC32.dll
0x00007fffd3df0000 - 0x00007fffd3e98000 	C:\Windows\System32\qedit.dll
0x00007ffff5160000 - 0x00007ffff5216000 	C:\WINDOWS\system32\COMDLG32.dll
0x00007fffec900000 - 0x00007fffecab0000 	C:\WINDOWS\WinSxS\amd64_microsoft.windows.gdiplus_6595b64144ccf1df_1.1.9600.18123_none_932c6b81474ee6d2\gdiplus.dll
0x00007fffd5700000 - 0x00007fffd57f8000 	C:\Windows\System32\DDRAW.dll
0x00007fffd7da0000 - 0x00007fffd7da9000 	C:\Windows\System32\DCIMAN32.dll
0x00007fffd7b00000 - 0x00007fffd7b0c000 	C:\WINDOWS\SYSTEM32\msyuv.dll
0x0000000060300000 - 0x0000000060342000 	C:\Program Files\Java\jre1.8.0_60\bin\t2k.dll
0x00007ffff2250000 - 0x00007ffff23fe000 	C:\WINDOWS\SYSTEM32\WindowsCodecs.dll
0x00007ffff3c50000 - 0x00007ffff3c70000 	C:\WINDOWS\SYSTEM32\CRYPTSP.dll
0x00007ffff3820000 - 0x00007ffff3856000 	C:\WINDOWS\system32\rsaenh.dll
0x00007ffff3ea0000 - 0x00007ffff3ec6000 	C:\WINDOWS\SYSTEM32\bcrypt.dll
0x00000000602d0000 - 0x00000000602fa000 	C:\Program Files\Java\jre1.8.0_60\bin\dcpr.dll
0x00007fffde940000 - 0x00007fffdeac9000 	C:\WINDOWS\SYSTEM32\dbghelp.dll

VM Arguments:
jvm_args: -Djava.library.path=C:\Program Files\Java\jre7\bin;C:\opencv\build\java\x64;C:\Users\Ryan\Documents\Current Files\Aero\Java Libraries\XBJL-1.1.0\XBJL-1.1.0\extra-libs\native\Windows\win64 -Dfile.encoding=Cp1252 
java_command: AeroGUI
java_class_path (initial): C:\Users\Ryan\git\Ground-Station\bin;C:\opencv\build\java\opencv-2410.jar;C:\Program Files\Java\jre1.8.0_60\lib\ext\RXTXcomm.jar;C:\Users\Ryan\Documents\Current Files\Aero\Java Libraries\XBJL-1.1.0\XBJL-1.1.0\xbjlib-1.1.0.jar;C:\Users\Ryan\Documents\Current Files\Aero\Java Libraries\XBJL-1.1.0\XBJL-1.1.0\extra-libs\rxtx-2.2.jar;C:\Users\Ryan\Documents\Current Files\Aero\Java Libraries\XBJL-1.1.0\XBJL-1.1.0\extra-libs\slf4j-api-1.7.12.jar;C:\Users\Ryan\Documents\Current Files\Aero\Java Libraries\XBJL-1.1.0\XBJL-1.1.0\extra-libs\slf4j-nop-1.7.12.jar
Launcher Type: SUN_STANDARD

Environment Variables:
PATH=C:/Program Files/Java/jre1.8.0_60/bin/server;C:/Program Files/Java/jre1.8.0_60/bin;C:/Program Files/Java/jre1.8.0_60/lib/amd64;C:\Program Files (x86)\Intel\iCLS Client\;C:\Program Files\Intel\iCLS Client\;C:\ProgramData\Oracle\Java\javapath;C:\WINDOWS\system32;C:\WINDOWS;C:\WINDOWS\System32\Wbem;C:\WINDOWS\System32\WindowsPowerShell\v1.0\;C:\Program Files (x86)\ATI Technologies\ATI.ACE\Core-Static;C:\Program Files (x86)\Skype\Phone\;C:\Program Files (x86)\MATLAB\R2013a Student\bin;C:\Program Files (x86)\AMD\ATI.ACE\Core-Static;C:\Program Files (x86)\Windows Kits\8.1\Windows Performance Toolkit\;C:\Program Files\Microsoft SQL Server\110\Tools\Binn\;C:\Program Files (x86)\Microsoft SDKs\TypeScript\1.0\;C:\Program Files\Microsoft SQL Server\120\Tools\Binn\;C:\Program Files\Intel\Intel(R) Management Engine Components\DAL;C:\Program Files\Intel\Intel(R) Management Engine Components\IPT;C:\Program Files (x86)\Intel\Intel(R) Management Engine Components\DAL;C:\Program Files (x86)\Intel\Intel(R) Management Engine Components\IPT;C:\opencv\build\x86\vc12\bin;%GSTREAMER_1_0_ROOT_X86%\bin;C:\Program Files\Intel\WiFi\bin\;C:\Program Files\Common Files\Intel\WirelessCommon\;C:\texlive\2015\bin\win32;C:\Users\Ryan\AppData\Local\Programs\Git\cmd;C:\Program Files\Intel\WiFi\bin\;C:\Program Files\Common Files\Intel\WirelessCommon\;C:\Program Files (x86)\eclipse;
USERNAME=Ryan
OS=Windows_NT
PROCESSOR_IDENTIFIER=Intel64 Family 6 Model 58 Stepping 9, GenuineIntel



---------------  S Y S T E M  ---------------

OS: Windows 8.1 , 64 bit Build 9600 (6.3.9600.17415)

CPU:total 8 (4 cores per cpu, 2 threads per core) family 6 model 58 stepping 9, cmov, cx8, fxsr, mmx, sse, sse2, sse3, ssse3, sse4.1, sse4.2, popcnt, avx, aes, clmul, erms, ht, tsc, tscinvbit, tscinv

Memory: 4k page, physical 8260968k(5462528k free), swap 9571688k(6457048k free)

vm_info: Java HotSpot(TM) 64-Bit Server VM (25.60-b23) for windows-amd64 JRE (1.8.0_60-b27), built on Aug  4 2015 11:06:27 by "java_re" with MS VC++ 10.0 (VS2010)

time: Sun Feb 07 16:57:49 2016
elapsed time: 56 seconds (0d 0h 0m 56s)

